C:\USERS\VIETANH\DOCUMENTS\VISUAL STUDIO 2012\PROJECTS\PROJECT1\PROJECT1\X64\DEBUG\MAIN.OBJ
C:\USERS\VIETANH\DOCUMENTS\VISUAL STUDIO 2012\PROJECTS\PROJECT1\PROJECT1\X64\DEBUG\UTIL.OBJ
C:\USERS\VIETANH\DOCUMENTS\VISUAL STUDIO 2012\PROJECTS\PROJECT1\PROJECT1\X64\DEBUG\VC110.PDB
C:\USERS\VIETANH\DOCUMENTS\VISUAL STUDIO 2012\PROJECTS\PROJECT1\PROJECT1\X64\DEBUG\KALMAN.OBJ
C:\USERS\VIETANH\DOCUMENTS\VISUAL STUDIO 2012\PROJECTS\PROJECT1\X64\DEBUG\PROJECT1.ILK
C:\USERS\VIETANH\DOCUMENTS\VISUAL STUDIO 2012\PROJECTS\PROJECT1\X64\DEBUG\PROJECT1.EXE
C:\USERS\VIETANH\DOCUMENTS\VISUAL STUDIO 2012\PROJECTS\PROJECT1\X64\DEBUG\PROJECT1.PDB
C:\Users\VietAnh\documents\visual studio 2012\Projects\Project1\Project1\x64\Debug\kalman.obj
C:\Users\VietAnh\documents\visual studio 2012\Projects\Project1\Project1\x64\Debug\main.obj
C:\Users\VietAnh\documents\visual studio 2012\Projects\Project1\Project1\x64\Debug\util.obj
C:\Users\VietAnh\documents\visual studio 2012\Projects\Project1\Project1\x64\Debug\cl.command.1.tlog
C:\Users\VietAnh\documents\visual studio 2012\Projects\Project1\Project1\x64\Debug\CL.read.1.tlog
C:\Users\VietAnh\documents\visual studio 2012\Projects\Project1\Project1\x64\Debug\CL.write.1.tlog
C:\Users\VietAnh\documents\visual studio 2012\Projects\Project1\Project1\x64\Debug\link-cvtres.read.1.tlog
C:\Users\VietAnh\documents\visual studio 2012\Projects\Project1\Project1\x64\Debug\link-cvtres.write.1.tlog
C:\Users\VietAnh\documents\visual studio 2012\Projects\Project1\Project1\x64\Debug\link-rc.read.1.tlog
C:\Users\VietAnh\documents\visual studio 2012\Projects\Project1\Project1\x64\Debug\link-rc.write.1.tlog
C:\Users\VietAnh\documents\visual studio 2012\Projects\Project1\Project1\x64\Debug\link.10168-cvtres.read.1.tlog
C:\Users\VietAnh\documents\visual studio 2012\Projects\Project1\Project1\x64\Debug\link.10168-cvtres.write.1.tlog
C:\Users\VietAnh\documents\visual studio 2012\Projects\Project1\Project1\x64\Debug\link.10168-rc.read.1.tlog
C:\Users\VietAnh\documents\visual studio 2012\Projects\Project1\Project1\x64\Debug\link.10168-rc.write.1.tlog
C:\Users\VietAnh\documents\visual studio 2012\Projects\Project1\Project1\x64\Debug\link.10168.read.1.tlog
C:\Users\VietAnh\documents\visual studio 2012\Projects\Project1\Project1\x64\Debug\link.10168.write.1.tlog
C:\Users\VietAnh\documents\visual studio 2012\Projects\Project1\Project1\x64\Debug\link.11052-cvtres.read.1.tlog
C:\Users\VietAnh\documents\visual studio 2012\Projects\Project1\Project1\x64\Debug\link.11052-cvtres.write.1.tlog
C:\Users\VietAnh\documents\visual studio 2012\Projects\Project1\Project1\x64\Debug\link.11052-rc.read.1.tlog
C:\Users\VietAnh\documents\visual studio 2012\Projects\Project1\Project1\x64\Debug\link.11052-rc.write.1.tlog
C:\Users\VietAnh\documents\visual studio 2012\Projects\Project1\Project1\x64\Debug\link.11052.read.1.tlog
C:\Users\VietAnh\documents\visual studio 2012\Projects\Project1\Project1\x64\Debug\link.11052.write.1.tlog
C:\Users\VietAnh\documents\visual studio 2012\Projects\Project1\Project1\x64\Debug\link.1192-cvtres.read.1.tlog
C:\Users\VietAnh\documents\visual studio 2012\Projects\Project1\Project1\x64\Debug\link.1192-cvtres.write.1.tlog
C:\Users\VietAnh\documents\visual studio 2012\Projects\Project1\Project1\x64\Debug\link.1192-rc.read.1.tlog
C:\Users\VietAnh\documents\visual studio 2012\Projects\Project1\Project1\x64\Debug\link.1192-rc.write.1.tlog
C:\Users\VietAnh\documents\visual studio 2012\Projects\Project1\Project1\x64\Debug\link.1192.read.1.tlog
C:\Users\VietAnh\documents\visual studio 2012\Projects\Project1\Project1\x64\Debug\link.1192.write.1.tlog
C:\Users\VietAnh\documents\visual studio 2012\Projects\Project1\Project1\x64\Debug\link.1516-cvtres.read.1.tlog
C:\Users\VietAnh\documents\visual studio 2012\Projects\Project1\Project1\x64\Debug\link.1516-cvtres.write.1.tlog
C:\Users\VietAnh\documents\visual studio 2012\Projects\Project1\Project1\x64\Debug\link.1516-rc.read.1.tlog
C:\Users\VietAnh\documents\visual studio 2012\Projects\Project1\Project1\x64\Debug\link.1516-rc.write.1.tlog
C:\Users\VietAnh\documents\visual studio 2012\Projects\Project1\Project1\x64\Debug\link.1516.read.1.tlog
C:\Users\VietAnh\documents\visual studio 2012\Projects\Project1\Project1\x64\Debug\link.1516.write.1.tlog
C:\Users\VietAnh\documents\visual studio 2012\Projects\Project1\Project1\x64\Debug\link.1772-cvtres.read.1.tlog
C:\Users\VietAnh\documents\visual studio 2012\Projects\Project1\Project1\x64\Debug\link.1772-cvtres.write.1.tlog
C:\Users\VietAnh\documents\visual studio 2012\Projects\Project1\Project1\x64\Debug\link.1772-rc.read.1.tlog
C:\Users\VietAnh\documents\visual studio 2012\Projects\Project1\Project1\x64\Debug\link.1772-rc.write.1.tlog
C:\Users\VietAnh\documents\visual studio 2012\Projects\Project1\Project1\x64\Debug\link.1772.read.1.tlog
C:\Users\VietAnh\documents\visual studio 2012\Projects\Project1\Project1\x64\Debug\link.1772.write.1.tlog
C:\Users\VietAnh\documents\visual studio 2012\Projects\Project1\Project1\x64\Debug\link.224-cvtres.read.1.tlog
C:\Users\VietAnh\documents\visual studio 2012\Projects\Project1\Project1\x64\Debug\link.224-cvtres.write.1.tlog
C:\Users\VietAnh\documents\visual studio 2012\Projects\Project1\Project1\x64\Debug\link.224-rc.read.1.tlog
C:\Users\VietAnh\documents\visual studio 2012\Projects\Project1\Project1\x64\Debug\link.224-rc.write.1.tlog
C:\Users\VietAnh\documents\visual studio 2012\Projects\Project1\Project1\x64\Debug\link.224.read.1.tlog
C:\Users\VietAnh\documents\visual studio 2012\Projects\Project1\Project1\x64\Debug\link.224.write.1.tlog
C:\Users\VietAnh\documents\visual studio 2012\Projects\Project1\Project1\x64\Debug\link.4312-cvtres.read.1.tlog
C:\Users\VietAnh\documents\visual studio 2012\Projects\Project1\Project1\x64\Debug\link.4312-cvtres.write.1.tlog
C:\Users\VietAnh\documents\visual studio 2012\Projects\Project1\Project1\x64\Debug\link.4312-rc.read.1.tlog
C:\Users\VietAnh\documents\visual studio 2012\Projects\Project1\Project1\x64\Debug\link.4312-rc.write.1.tlog
C:\Users\VietAnh\documents\visual studio 2012\Projects\Project1\Project1\x64\Debug\link.4312.read.1.tlog
C:\Users\VietAnh\documents\visual studio 2012\Projects\Project1\Project1\x64\Debug\link.4312.write.1.tlog
C:\Users\VietAnh\documents\visual studio 2012\Projects\Project1\Project1\x64\Debug\link.4348-cvtres.read.1.tlog
C:\Users\VietAnh\documents\visual studio 2012\Projects\Project1\Project1\x64\Debug\link.4348-cvtres.write.1.tlog
C:\Users\VietAnh\documents\visual studio 2012\Projects\Project1\Project1\x64\Debug\link.4348-rc.read.1.tlog
C:\Users\VietAnh\documents\visual studio 2012\Projects\Project1\Project1\x64\Debug\link.4348-rc.write.1.tlog
C:\Users\VietAnh\documents\visual studio 2012\Projects\Project1\Project1\x64\Debug\link.4348.read.1.tlog
C:\Users\VietAnh\documents\visual studio 2012\Projects\Project1\Project1\x64\Debug\link.4348.write.1.tlog
C:\Users\VietAnh\documents\visual studio 2012\Projects\Project1\Project1\x64\Debug\link.4564-cvtres.read.1.tlog
C:\Users\VietAnh\documents\visual studio 2012\Projects\Project1\Project1\x64\Debug\link.4564-cvtres.write.1.tlog
C:\Users\VietAnh\documents\visual studio 2012\Projects\Project1\Project1\x64\Debug\link.4564-rc.read.1.tlog
C:\Users\VietAnh\documents\visual studio 2012\Projects\Project1\Project1\x64\Debug\link.4564-rc.write.1.tlog
C:\Users\VietAnh\documents\visual studio 2012\Projects\Project1\Project1\x64\Debug\link.4564.read.1.tlog
C:\Users\VietAnh\documents\visual studio 2012\Projects\Project1\Project1\x64\Debug\link.4564.write.1.tlog
C:\Users\VietAnh\documents\visual studio 2012\Projects\Project1\Project1\x64\Debug\link.4820-cvtres.read.1.tlog
C:\Users\VietAnh\documents\visual studio 2012\Projects\Project1\Project1\x64\Debug\link.4820-cvtres.write.1.tlog
C:\Users\VietAnh\documents\visual studio 2012\Projects\Project1\Project1\x64\Debug\link.4820-rc.read.1.tlog
C:\Users\VietAnh\documents\visual studio 2012\Projects\Project1\Project1\x64\Debug\link.4820-rc.write.1.tlog
C:\Users\VietAnh\documents\visual studio 2012\Projects\Project1\Project1\x64\Debug\link.4820.read.1.tlog
C:\Users\VietAnh\documents\visual studio 2012\Projects\Project1\Project1\x64\Debug\link.4820.write.1.tlog
C:\Users\VietAnh\documents\visual studio 2012\Projects\Project1\Project1\x64\Debug\link.5156-cvtres.read.1.tlog
C:\Users\VietAnh\documents\visual studio 2012\Projects\Project1\Project1\x64\Debug\link.5156-cvtres.write.1.tlog
C:\Users\VietAnh\documents\visual studio 2012\Projects\Project1\Project1\x64\Debug\link.5156-rc.read.1.tlog
C:\Users\VietAnh\documents\visual studio 2012\Projects\Project1\Project1\x64\Debug\link.5156-rc.write.1.tlog
C:\Users\VietAnh\documents\visual studio 2012\Projects\Project1\Project1\x64\Debug\link.5156.read.1.tlog
C:\Users\VietAnh\documents\visual studio 2012\Projects\Project1\Project1\x64\Debug\link.5156.write.1.tlog
C:\Users\VietAnh\documents\visual studio 2012\Projects\Project1\Project1\x64\Debug\link.5208-cvtres.read.1.tlog
C:\Users\VietAnh\documents\visual studio 2012\Projects\Project1\Project1\x64\Debug\link.5208-cvtres.write.1.tlog
C:\Users\VietAnh\documents\visual studio 2012\Projects\Project1\Project1\x64\Debug\link.5208-rc.read.1.tlog
C:\Users\VietAnh\documents\visual studio 2012\Projects\Project1\Project1\x64\Debug\link.5208-rc.write.1.tlog
C:\Users\VietAnh\documents\visual studio 2012\Projects\Project1\Project1\x64\Debug\link.5208.read.1.tlog
C:\Users\VietAnh\documents\visual studio 2012\Projects\Project1\Project1\x64\Debug\link.5208.write.1.tlog
C:\Users\VietAnh\documents\visual studio 2012\Projects\Project1\Project1\x64\Debug\link.5508-cvtres.read.1.tlog
C:\Users\VietAnh\documents\visual studio 2012\Projects\Project1\Project1\x64\Debug\link.5508-cvtres.write.1.tlog
C:\Users\VietAnh\documents\visual studio 2012\Projects\Project1\Project1\x64\Debug\link.5508-rc.read.1.tlog
C:\Users\VietAnh\documents\visual studio 2012\Projects\Project1\Project1\x64\Debug\link.5508-rc.write.1.tlog
C:\Users\VietAnh\documents\visual studio 2012\Projects\Project1\Project1\x64\Debug\link.5508.read.1.tlog
C:\Users\VietAnh\documents\visual studio 2012\Projects\Project1\Project1\x64\Debug\link.5508.write.1.tlog
C:\Users\VietAnh\documents\visual studio 2012\Projects\Project1\Project1\x64\Debug\link.5960-cvtres.read.1.tlog
C:\Users\VietAnh\documents\visual studio 2012\Projects\Project1\Project1\x64\Debug\link.5960-cvtres.write.1.tlog
C:\Users\VietAnh\documents\visual studio 2012\Projects\Project1\Project1\x64\Debug\link.5960-rc.read.1.tlog
C:\Users\VietAnh\documents\visual studio 2012\Projects\Project1\Project1\x64\Debug\link.5960-rc.write.1.tlog
C:\Users\VietAnh\documents\visual studio 2012\Projects\Project1\Project1\x64\Debug\link.5960.read.1.tlog
C:\Users\VietAnh\documents\visual studio 2012\Projects\Project1\Project1\x64\Debug\link.5960.write.1.tlog
C:\Users\VietAnh\documents\visual studio 2012\Projects\Project1\Project1\x64\Debug\link.6064-cvtres.read.1.tlog
C:\Users\VietAnh\documents\visual studio 2012\Projects\Project1\Project1\x64\Debug\link.6064-cvtres.write.1.tlog
C:\Users\VietAnh\documents\visual studio 2012\Projects\Project1\Project1\x64\Debug\link.6064-rc.read.1.tlog
C:\Users\VietAnh\documents\visual studio 2012\Projects\Project1\Project1\x64\Debug\link.6064-rc.write.1.tlog
C:\Users\VietAnh\documents\visual studio 2012\Projects\Project1\Project1\x64\Debug\link.6064.read.1.tlog
C:\Users\VietAnh\documents\visual studio 2012\Projects\Project1\Project1\x64\Debug\link.6064.write.1.tlog
C:\Users\VietAnh\documents\visual studio 2012\Projects\Project1\Project1\x64\Debug\link.6088-cvtres.read.1.tlog
C:\Users\VietAnh\documents\visual studio 2012\Projects\Project1\Project1\x64\Debug\link.6088-cvtres.write.1.tlog
C:\Users\VietAnh\documents\visual studio 2012\Projects\Project1\Project1\x64\Debug\link.6088-rc.read.1.tlog
C:\Users\VietAnh\documents\visual studio 2012\Projects\Project1\Project1\x64\Debug\link.6088-rc.write.1.tlog
C:\Users\VietAnh\documents\visual studio 2012\Projects\Project1\Project1\x64\Debug\link.6088.read.1.tlog
C:\Users\VietAnh\documents\visual studio 2012\Projects\Project1\Project1\x64\Debug\link.6088.write.1.tlog
C:\Users\VietAnh\documents\visual studio 2012\Projects\Project1\Project1\x64\Debug\link.6216-cvtres.read.1.tlog
C:\Users\VietAnh\documents\visual studio 2012\Projects\Project1\Project1\x64\Debug\link.6216-cvtres.write.1.tlog
C:\Users\VietAnh\documents\visual studio 2012\Projects\Project1\Project1\x64\Debug\link.6216-rc.read.1.tlog
C:\Users\VietAnh\documents\visual studio 2012\Projects\Project1\Project1\x64\Debug\link.6216-rc.write.1.tlog
C:\Users\VietAnh\documents\visual studio 2012\Projects\Project1\Project1\x64\Debug\link.6216.read.1.tlog
C:\Users\VietAnh\documents\visual studio 2012\Projects\Project1\Project1\x64\Debug\link.6216.write.1.tlog
C:\Users\VietAnh\documents\visual studio 2012\Projects\Project1\Project1\x64\Debug\link.6328-cvtres.read.1.tlog
C:\Users\VietAnh\documents\visual studio 2012\Projects\Project1\Project1\x64\Debug\link.6328-cvtres.write.1.tlog
C:\Users\VietAnh\documents\visual studio 2012\Projects\Project1\Project1\x64\Debug\link.6328-rc.read.1.tlog
C:\Users\VietAnh\documents\visual studio 2012\Projects\Project1\Project1\x64\Debug\link.6328-rc.write.1.tlog
C:\Users\VietAnh\documents\visual studio 2012\Projects\Project1\Project1\x64\Debug\link.6328.read.1.tlog
C:\Users\VietAnh\documents\visual studio 2012\Projects\Project1\Project1\x64\Debug\link.6328.write.1.tlog
C:\Users\VietAnh\documents\visual studio 2012\Projects\Project1\Project1\x64\Debug\link.672-cvtres.read.1.tlog
C:\Users\VietAnh\documents\visual studio 2012\Projects\Project1\Project1\x64\Debug\link.672-cvtres.write.1.tlog
C:\Users\VietAnh\documents\visual studio 2012\Projects\Project1\Project1\x64\Debug\link.672-rc.read.1.tlog
C:\Users\VietAnh\documents\visual studio 2012\Projects\Project1\Project1\x64\Debug\link.672-rc.write.1.tlog
C:\Users\VietAnh\documents\visual studio 2012\Projects\Project1\Project1\x64\Debug\link.672.read.1.tlog
C:\Users\VietAnh\documents\visual studio 2012\Projects\Project1\Project1\x64\Debug\link.672.write.1.tlog
C:\Users\VietAnh\documents\visual studio 2012\Projects\Project1\Project1\x64\Debug\link.6836-cvtres.read.1.tlog
C:\Users\VietAnh\documents\visual studio 2012\Projects\Project1\Project1\x64\Debug\link.6836-cvtres.write.1.tlog
C:\Users\VietAnh\documents\visual studio 2012\Projects\Project1\Project1\x64\Debug\link.6836-rc.read.1.tlog
C:\Users\VietAnh\documents\visual studio 2012\Projects\Project1\Project1\x64\Debug\link.6836-rc.write.1.tlog
C:\Users\VietAnh\documents\visual studio 2012\Projects\Project1\Project1\x64\Debug\link.6836.read.1.tlog
C:\Users\VietAnh\documents\visual studio 2012\Projects\Project1\Project1\x64\Debug\link.6836.write.1.tlog
C:\Users\VietAnh\documents\visual studio 2012\Projects\Project1\Project1\x64\Debug\link.7068-cvtres.read.1.tlog
C:\Users\VietAnh\documents\visual studio 2012\Projects\Project1\Project1\x64\Debug\link.7068-cvtres.write.1.tlog
C:\Users\VietAnh\documents\visual studio 2012\Projects\Project1\Project1\x64\Debug\link.7068-rc.read.1.tlog
C:\Users\VietAnh\documents\visual studio 2012\Projects\Project1\Project1\x64\Debug\link.7068-rc.write.1.tlog
C:\Users\VietAnh\documents\visual studio 2012\Projects\Project1\Project1\x64\Debug\link.7068.read.1.tlog
C:\Users\VietAnh\documents\visual studio 2012\Projects\Project1\Project1\x64\Debug\link.7068.write.1.tlog
C:\Users\VietAnh\documents\visual studio 2012\Projects\Project1\Project1\x64\Debug\link.7252-cvtres.read.1.tlog
C:\Users\VietAnh\documents\visual studio 2012\Projects\Project1\Project1\x64\Debug\link.7252-cvtres.write.1.tlog
C:\Users\VietAnh\documents\visual studio 2012\Projects\Project1\Project1\x64\Debug\link.7252-rc.read.1.tlog
C:\Users\VietAnh\documents\visual studio 2012\Projects\Project1\Project1\x64\Debug\link.7252-rc.write.1.tlog
C:\Users\VietAnh\documents\visual studio 2012\Projects\Project1\Project1\x64\Debug\link.7252.read.1.tlog
C:\Users\VietAnh\documents\visual studio 2012\Projects\Project1\Project1\x64\Debug\link.7252.write.1.tlog
C:\Users\VietAnh\documents\visual studio 2012\Projects\Project1\Project1\x64\Debug\link.7328-cvtres.read.1.tlog
C:\Users\VietAnh\documents\visual studio 2012\Projects\Project1\Project1\x64\Debug\link.7328-cvtres.write.1.tlog
C:\Users\VietAnh\documents\visual studio 2012\Projects\Project1\Project1\x64\Debug\link.7328-rc.read.1.tlog
C:\Users\VietAnh\documents\visual studio 2012\Projects\Project1\Project1\x64\Debug\link.7328-rc.write.1.tlog
C:\Users\VietAnh\documents\visual studio 2012\Projects\Project1\Project1\x64\Debug\link.7328.read.1.tlog
C:\Users\VietAnh\documents\visual studio 2012\Projects\Project1\Project1\x64\Debug\link.7328.write.1.tlog
C:\Users\VietAnh\documents\visual studio 2012\Projects\Project1\Project1\x64\Debug\link.7348-cvtres.read.1.tlog
C:\Users\VietAnh\documents\visual studio 2012\Projects\Project1\Project1\x64\Debug\link.7348-cvtres.write.1.tlog
C:\Users\VietAnh\documents\visual studio 2012\Projects\Project1\Project1\x64\Debug\link.7348-rc.read.1.tlog
C:\Users\VietAnh\documents\visual studio 2012\Projects\Project1\Project1\x64\Debug\link.7348-rc.write.1.tlog
C:\Users\VietAnh\documents\visual studio 2012\Projects\Project1\Project1\x64\Debug\link.7348.read.1.tlog
C:\Users\VietAnh\documents\visual studio 2012\Projects\Project1\Project1\x64\Debug\link.7348.write.1.tlog
C:\Users\VietAnh\documents\visual studio 2012\Projects\Project1\Project1\x64\Debug\link.9352-cvtres.read.1.tlog
C:\Users\VietAnh\documents\visual studio 2012\Projects\Project1\Project1\x64\Debug\link.9352-cvtres.write.1.tlog
C:\Users\VietAnh\documents\visual studio 2012\Projects\Project1\Project1\x64\Debug\link.9352-rc.read.1.tlog
C:\Users\VietAnh\documents\visual studio 2012\Projects\Project1\Project1\x64\Debug\link.9352-rc.write.1.tlog
C:\Users\VietAnh\documents\visual studio 2012\Projects\Project1\Project1\x64\Debug\link.9352.read.1.tlog
C:\Users\VietAnh\documents\visual studio 2012\Projects\Project1\Project1\x64\Debug\link.9352.write.1.tlog
C:\Users\VietAnh\documents\visual studio 2012\Projects\Project1\Project1\x64\Debug\link.9796-cvtres.read.1.tlog
C:\Users\VietAnh\documents\visual studio 2012\Projects\Project1\Project1\x64\Debug\link.9796-cvtres.write.1.tlog
C:\Users\VietAnh\documents\visual studio 2012\Projects\Project1\Project1\x64\Debug\link.9796-rc.read.1.tlog
C:\Users\VietAnh\documents\visual studio 2012\Projects\Project1\Project1\x64\Debug\link.9796-rc.write.1.tlog
C:\Users\VietAnh\documents\visual studio 2012\Projects\Project1\Project1\x64\Debug\link.9796.read.1.tlog
C:\Users\VietAnh\documents\visual studio 2012\Projects\Project1\Project1\x64\Debug\link.9796.write.1.tlog
C:\Users\VietAnh\documents\visual studio 2012\Projects\Project1\Project1\x64\Debug\link.command.1.tlog
C:\Users\VietAnh\documents\visual studio 2012\Projects\Project1\Project1\x64\Debug\link.read.1.tlog
C:\Users\VietAnh\documents\visual studio 2012\Projects\Project1\Project1\x64\Debug\link.write.1.tlog
C:\Users\VietAnh\documents\visual studio 2012\Projects\Project1\Project1\x64\Debug\vc110.idb
C:\Users\VietAnh\documents\visual studio 2012\Projects\Project1\Project1\x64\Debug\vc110.pdb
C:\Users\VietAnh\documents\visual studio 2012\Projects\Project1\x64\Debug\Project1.pdb
C:\Users\VietAnh\documents\visual studio 2012\Projects\Project1\x64\Debug\Project1.exe
C:\Users\VietAnh\documents\visual studio 2012\Projects\Project1\x64\Debug\Project1.ilk
